<?xml version="1.0" encoding="UTF-8"?>
<robot generator="Robot 6.1.1 (Python 3.12.0 on win32)" generated="20240524 18:42:50.225" rpa="false" schemaversion="4">
<suite id="s1" name="Testepostsucesso" source="C:\Users\Usuário\Documents\projetos\robot-api\testepostsucesso.robot">
<test id="s1-t1" name="Cadastrando Uma Reserva" line="9">
<kw name="Create Dictionary" library="BuiltIn">
<var>${bookingdates}</var>
<arg>checkin=2018-01-01</arg>
<arg>checkout=2019-01-01</arg>
<doc>Creates and returns a dictionary based on the given ``items``.</doc>
<msg timestamp="20240524 18:42:50.314" level="INFO">${bookingdates} = {'checkin': '2018-01-01', 'checkout': '2019-01-01'}</msg>
<status status="PASS" starttime="20240524 18:42:50.314" endtime="20240524 18:42:50.314"/>
</kw>
<kw name="Create Dictionary" library="BuiltIn">
<var>${data}</var>
<arg>firstname=herbertao</arg>
<arg>lastname=qazando</arg>
<arg>totalprice=222</arg>
<arg>depositpaid=True</arg>
<arg>bookingdates=${bookingdates}</arg>
<arg>additionalneeds=Breakfast</arg>
<doc>Creates and returns a dictionary based on the given ``items``.</doc>
<msg timestamp="20240524 18:42:50.315" level="INFO">${data} = {'firstname': 'herbertao', 'lastname': 'qazando', 'totalprice': '222', 'depositpaid': 'True', 'bookingdates': {'checkin': '2018-01-01', 'checkout': '2019-01-01'}, 'additionalneeds': 'Breakfast'}</msg>
<status status="PASS" starttime="20240524 18:42:50.315" endtime="20240524 18:42:50.315"/>
</kw>
<kw name="Log" library="BuiltIn">
<arg>${data}</arg>
<doc>Logs the given message with the given level.</doc>
<msg timestamp="20240524 18:42:50.315" level="INFO">{'firstname': 'herbertao', 'lastname': 'qazando', 'totalprice': '222', 'depositpaid': 'True', 'bookingdates': {'checkin': '2018-01-01', 'checkout': '2019-01-01'}, 'additionalneeds': 'Breakfast'}</msg>
<status status="PASS" starttime="20240524 18:42:50.315" endtime="20240524 18:42:50.315"/>
</kw>
<kw name="POST" library="RequestsLibrary">
<var>${response}</var>
<arg>${BASE_URL}/booking</arg>
<arg>json=${data}</arg>
<doc>Sends a POST request.</doc>
<msg timestamp="20240524 18:42:51.091" level="INFO">POST Request : url=https://restful-booker.herokuapp.com/booking 
 path_url=/booking 
 headers={'User-Agent': 'python-requests/2.31.0', 'Accept-Encoding': 'gzip, deflate', 'Accept': '*/*', 'Connection': 'keep-alive', 'Content-Length': '194', 'Content-Type': 'application/json'} 
 body=b'{"firstname": "herbertao", "lastname": "qazando", "totalprice": "222", "depositpaid": "True", "bookingdates": {"checkin": "2018-01-01", "checkout": "2019-01-01"}, "additionalneeds": "Breakfast"}' 
 </msg>
<msg timestamp="20240524 18:42:51.091" level="INFO">POST Response : url=https://restful-booker.herokuapp.com/booking 
 status=200, reason=OK 
 headers={'Server': 'Cowboy', 'Report-To': '{"group":"heroku-nel","max_age":3600,"endpoints":[{"url":"https://nel.heroku.com/reports?ts=1716586972&amp;sid=c46efe9b-d3d2-4a0c-8c76-bfafa16c5add&amp;s=nzqSybigt%2BPBoZX8GilJPT4DaXvyxQM7gdiX3QPyizY%3D"}]}', 'Reporting-Endpoints': 'heroku-nel=https://nel.heroku.com/reports?ts=1716586972&amp;sid=c46efe9b-d3d2-4a0c-8c76-bfafa16c5add&amp;s=nzqSybigt%2BPBoZX8GilJPT4DaXvyxQM7gdiX3QPyizY%3D', 'Nel': '{"report_to":"heroku-nel","max_age":3600,"success_fraction":0.005,"failure_fraction":0.05,"response_headers":["Via"]}', 'Connection': 'keep-alive', 'X-Powered-By': 'Express', 'Content-Type': 'application/json; charset=utf-8', 'Content-Length': '204', 'Etag': 'W/"cc-vwewjU0LVQEG9xVn2oJM2uhkNWI"', 'Date': 'Fri, 24 May 2024 21:42:52 GMT', 'Via': '1.1 vegur'} 
 body={"bookingid":630,"booking":{"firstname":"herbertao","lastname":"qazando","totalprice":222,"depositpaid":true,"bookingdates":{"checkin":"2018-01-01","checkout":"2019-01-01"},"additionalneeds":"Breakfast"}} 
 </msg>
<msg timestamp="20240524 18:42:51.091" level="INFO">${response} = &lt;Response [200]&gt;</msg>
<status status="PASS" starttime="20240524 18:42:50.315" endtime="20240524 18:42:51.091"/>
</kw>
<kw name="Log" library="BuiltIn">
<arg>${response.text}</arg>
<doc>Logs the given message with the given level.</doc>
<msg timestamp="20240524 18:42:51.092" level="INFO">{"bookingid":630,"booking":{"firstname":"herbertao","lastname":"qazando","totalprice":222,"depositpaid":true,"bookingdates":{"checkin":"2018-01-01","checkout":"2019-01-01"},"additionalneeds":"Breakfast"}}</msg>
<status status="PASS" starttime="20240524 18:42:51.091" endtime="20240524 18:42:51.092"/>
</kw>
<kw name="Log" library="BuiltIn">
<arg>${response.status_code}</arg>
<doc>Logs the given message with the given level.</doc>
<msg timestamp="20240524 18:42:51.092" level="INFO">200</msg>
<status status="PASS" starttime="20240524 18:42:51.092" endtime="20240524 18:42:51.092"/>
</kw>
<kw name="Log" library="BuiltIn">
<arg>${response.reason}</arg>
<doc>Logs the given message with the given level.</doc>
<msg timestamp="20240524 18:42:51.092" level="INFO">OK</msg>
<status status="PASS" starttime="20240524 18:42:51.092" endtime="20240524 18:42:51.093"/>
</kw>
<kw name="Should Be True" library="BuiltIn">
<arg>${response.ok}</arg>
<doc>Fails if the given condition is not true.</doc>
<status status="PASS" starttime="20240524 18:42:51.093" endtime="20240524 18:42:51.093"/>
</kw>
<kw name="Should Be Equal As Numbers" library="BuiltIn">
<arg>${response.status_code}</arg>
<arg>200</arg>
<doc>Fails if objects are unequal after converting them to real numbers.</doc>
<msg timestamp="20240524 18:42:51.093" level="INFO">Argument types are:
&lt;class 'int'&gt;
&lt;class 'str'&gt;</msg>
<status status="PASS" starttime="20240524 18:42:51.093" endtime="20240524 18:42:51.093"/>
</kw>
<kw name="Set Variable" library="BuiltIn">
<var>${booking}</var>
<arg>${response.json()}</arg>
<doc>Returns the given values which can then be assigned to a variables.</doc>
<msg timestamp="20240524 18:42:51.094" level="INFO">${booking} = {'bookingid': 630, 'booking': {'firstname': 'herbertao', 'lastname': 'qazando', 'totalprice': 222, 'depositpaid': True, 'bookingdates': {'checkin': '2018-01-01', 'checkout': '2019-01-01'}, 'additional...</msg>
<status status="PASS" starttime="20240524 18:42:51.094" endtime="20240524 18:42:51.094"/>
</kw>
<kw name="Log Dictionary" library="Collections">
<arg>${booking}</arg>
<doc>Logs the size and contents of the ``dictionary`` using given ``level``.</doc>
<msg timestamp="20240524 18:42:51.094" level="INFO">Dictionary size is 2 and it contains following items:
booking: {'firstname': 'herbertao', 'lastname': 'qazando', 'totalprice': 222, 'depositpaid': True, 'bookingdates': {'checkin': '2018-01-01', 'checkout': '2019-01-01'}, 'additionalneeds': 'Breakfast'}
bookingid: 630</msg>
<status status="PASS" starttime="20240524 18:42:51.094" endtime="20240524 18:42:51.094"/>
</kw>
<kw name="Get From Dictionary" library="Collections">
<var>${booking_info}</var>
<arg>${booking}</arg>
<arg>booking</arg>
<doc>Returns a value from the given ``dictionary`` based on the given ``key``.</doc>
<msg timestamp="20240524 18:42:51.095" level="INFO">${booking_info} = {'firstname': 'herbertao', 'lastname': 'qazando', 'totalprice': 222, 'depositpaid': True, 'bookingdates': {'checkin': '2018-01-01', 'checkout': '2019-01-01'}, 'additionalneeds': 'Breakfast'}</msg>
<status status="PASS" starttime="20240524 18:42:51.095" endtime="20240524 18:42:51.095"/>
</kw>
<kw name="Should Be Equal As Strings" library="BuiltIn">
<arg>${booking_info['firstname']}</arg>
<arg>43242</arg>
<doc>Fails if objects are unequal after converting them to strings.</doc>
<msg timestamp="20240524 18:42:51.095" level="FAIL">herbertao != 43242</msg>
<status status="FAIL" starttime="20240524 18:42:51.095" endtime="20240524 18:42:51.095"/>
</kw>
<kw name="Should Be Equal As Strings" library="BuiltIn">
<arg>${booking_info['lastname']}</arg>
<arg>qazando</arg>
<doc>Fails if objects are unequal after converting them to strings.</doc>
<status status="NOT RUN" starttime="20240524 18:42:51.095" endtime="20240524 18:42:51.095"/>
</kw>
<kw name="Should Be Equal As Numbers" library="BuiltIn">
<arg>${booking_info['totalprice']}</arg>
<arg>222</arg>
<doc>Fails if objects are unequal after converting them to real numbers.</doc>
<status status="NOT RUN" starttime="20240524 18:42:51.096" endtime="20240524 18:42:51.096"/>
</kw>
<kw name="Should Be Equal As Strings" library="BuiltIn">
<arg>${booking_info['additionalneeds']}</arg>
<arg>Breakfast</arg>
<doc>Fails if objects are unequal after converting them to strings.</doc>
<status status="NOT RUN" starttime="20240524 18:42:51.096" endtime="20240524 18:42:51.096"/>
</kw>
<status status="FAIL" starttime="20240524 18:42:50.314" endtime="20240524 18:42:51.096">herbertao != 43242</status>
</test>
<status status="FAIL" starttime="20240524 18:42:50.226" endtime="20240524 18:42:51.097"/>
</suite>
<statistics>
<total>
<stat pass="0" fail="1" skip="0">All Tests</stat>
</total>
<tag>
</tag>
<suite>
<stat pass="0" fail="1" skip="0" id="s1" name="Testepostsucesso">Testepostsucesso</stat>
</suite>
</statistics>
<errors>
</errors>
</robot>
